<?xml version="1.0" encoding="UTF-8"?>
<testng-results skipped="0" failed="0" ignored="0" total="1" passed="1">
  <reporter-output>
  </reporter-output>
  <suite name="suite-1" duration-ms="42546" started-at="2017-05-23T15:18:51Z" finished-at="2017-05-23T15:19:33Z">
    <groups>
    </groups>
    <test name="test-1" duration-ms="42546" started-at="2017-05-23T15:18:51Z" finished-at="2017-05-23T15:19:33Z">
      <class name="com.work.workci.TestWebOne">
        <test-method status="PASS" signature="TestWebMethodOne()[pri:0, instance:com.work.workci.TestWebOne@7f690630]" name="TestWebMethodOne" duration-ms="42528" started-at="2017-05-23T20:48:51Z" finished-at="2017-05-23T20:49:33Z">
          <reporter-output>
          </reporter-output>
        </test-method> <!-- TestWebMethodOne -->
      </class> <!-- com.work.workci.TestWebOne -->
    </test> <!-- test-1 -->
  </suite> <!-- suite-1 -->
</testng-results>
