<?xml version="1.0" encoding="UTF-8"?>
<testng-results skipped="0" failed="0" ignored="0" total="1" passed="1">
  <reporter-output>
  </reporter-output>
  <suite name="suite-2" duration-ms="16" started-at="2017-05-24T09:54:55Z" finished-at="2017-05-24T09:54:55Z">
    <groups>
    </groups>
    <test name="test-2" duration-ms="16" started-at="2017-05-24T09:54:55Z" finished-at="2017-05-24T09:54:55Z">
      <class name="com.work.workci.TestParameters">
        <test-method status="PASS" signature="display()[pri:0, instance:com.work.workci.TestParameters@2acf57e3]" name="display" duration-ms="0" started-at="2017-05-24T15:24:55Z" finished-at="2017-05-24T15:24:55Z">
          <reporter-output>
          </reporter-output>
        </test-method> <!-- display -->
      </class> <!-- com.work.workci.TestParameters -->
    </test> <!-- test-2 -->
  </suite> <!-- suite-2 -->
</testng-results>
