<?xml version="1.0" encoding="UTF-8"?>
<testng-results skipped="0" failed="0" ignored="0" total="1" passed="1">
  <reporter-output>
  </reporter-output>
  <suite name="Default suite" duration-ms="20792" started-at="2017-05-23T14:13:56Z" finished-at="2017-05-23T14:14:16Z">
    <groups>
    </groups>
    <test name="Default test" duration-ms="20792" started-at="2017-05-23T14:13:56Z" finished-at="2017-05-23T14:14:16Z">
      <class name="com.work.workci.TestWebOne">
        <test-method status="PASS" signature="TestWebMethodOne()[pri:0, instance:com.work.workci.TestWebOne@5b275dab]" name="TestWebMethodOne" duration-ms="20772" started-at="2017-05-23T19:43:56Z" finished-at="2017-05-23T19:44:16Z">
          <reporter-output>
          </reporter-output>
        </test-method> <!-- TestWebMethodOne -->
      </class> <!-- com.work.workci.TestWebOne -->
    </test> <!-- Default test -->
  </suite> <!-- Default suite -->
</testng-results>
