<?xml version="1.0" encoding="UTF-8"?>
<testng-results skipped="0" failed="0" ignored="0" total="1" passed="1">
  <reporter-output>
  </reporter-output>
  <suite name="Default suite" duration-ms="31" started-at="2017-05-24T13:05:06Z" finished-at="2017-05-24T13:05:06Z">
    <groups>
    </groups>
    <test name="Default test" duration-ms="31" started-at="2017-05-24T13:05:06Z" finished-at="2017-05-24T13:05:06Z">
      <class name="com.work.workci.XMLDynamic$CreateXmlFileViaCode">
        <test-method status="PASS" signature="generatedXMLfile()[pri:0, instance:com.work.workci.XMLDynamic$CreateXmlFileViaCode@61832929]" name="generatedXMLfile" duration-ms="16" started-at="2017-05-24T18:35:06Z" finished-at="2017-05-24T18:35:06Z">
          <reporter-output>
          </reporter-output>
        </test-method> <!-- generatedXMLfile -->
      </class> <!-- com.work.workci.XMLDynamic$CreateXmlFileViaCode -->
    </test> <!-- Default test -->
  </suite> <!-- Default suite -->
</testng-results>
